\BOOKMARK [0][-]{chapter*.2}{Acknowledgments}{}% 1
\BOOKMARK [0][-]{chapter*.4}{Abstract}{}% 2
\BOOKMARK [0][-]{chapter..1}{Introduction}{}% 3
\BOOKMARK [1][-]{section..1.1}{Research Challenges}{chapter..1}% 4
\BOOKMARK [1][-]{section..1.2}{Contributions}{chapter..1}% 5
\BOOKMARK [2][-]{subsection..1.2.1}{Contribution 1: Identification of Weakly Connected Subsystems \(WCSs\)}{section..1.2}% 6
\BOOKMARK [2][-]{subsection..1.2.2}{Contribution 2:Identification of Strongly Connected Subsystems}{section..1.2}% 7
\BOOKMARK [1][-]{section..1.3}{Organization of the Dissertation}{chapter..1}% 8
\BOOKMARK [0][-]{chapter..2}{Uncertainty Quantification in Dynamical Systems}{}% 9
\BOOKMARK [1][-]{section..2.1}{Moment Computation and Volume Integral}{chapter..2}% 10
\BOOKMARK [1][-]{section..2.2}{Methods of Uncertainty Quantification}{chapter..2}% 11
\BOOKMARK [1][-]{section..2.3}{Monte Carlo Integration}{chapter..2}% 12
\BOOKMARK [1][-]{section..2.4}{Quadrature-based Methods}{chapter..2}% 13
\BOOKMARK [2][-]{subsection..2.4.1}{Gaussian Cubature}{section..2.4}% 14
\BOOKMARK [2][-]{subsection..2.4.2}{Sparse-Grid Collocation}{section..2.4}% 15
\BOOKMARK [2][-]{subsection..2.4.3}{Minimal Cubature Rules}{section..2.4}% 16
\BOOKMARK [2][-]{subsection..2.4.4}{Unscented Transform}{section..2.4}% 17
\BOOKMARK [2][-]{subsection..2.4.5}{Other Methods}{section..2.4}% 18
\BOOKMARK [0][-]{chapter..3}{Identification of Weakly Connected Subsystems \(WCSs\) for Effective UQ}{}% 19
\BOOKMARK [1][-]{section..3.1}{Proposed Framework for Identification of WCSs}{chapter..3}% 20
\BOOKMARK [1][-]{section..3.2}{Weakly Connected Subsystems}{chapter..3}% 21
\BOOKMARK [1][-]{section..3.3}{Approximate Linearization of Nonlinear System}{chapter..3}% 22
\BOOKMARK [2][-]{subsection..3.3.1}{Time-Domain Linearization}{section..3.3}% 23
\BOOKMARK [2][-]{subsection..3.3.2}{Space-Domain Linearization and Ergodicity}{section..3.3}% 24
\BOOKMARK [1][-]{section..3.4}{Non-overlapping Graph Clustering Methods}{chapter..3}% 25
\BOOKMARK [2][-]{subsection..3.4.1}{Spectral Clustering}{section..3.4}% 26
\BOOKMARK [2][-]{subsection..3.4.2}{Non-negative Matrix Factorization}{section..3.4}% 27
\BOOKMARK [2][-]{subsection..3.4.3}{Comparison of SC and NMF}{section..3.4}% 28
\BOOKMARK [1][-]{section..3.5}{Clustering and Filtering}{chapter..3}% 29
\BOOKMARK [1][-]{section..3.6}{Numerical Experiment}{chapter..3}% 30
\BOOKMARK [2][-]{subsection..3.6.1}{Linear System}{section..3.6}% 31
\BOOKMARK [2][-]{subsection..3.6.2}{Weakly Coupled Van der Pol Oscillators}{section..3.6}% 32
\BOOKMARK [2][-]{subsection..3.6.3}{Weakly Coupled Lorenz Attractors}{section..3.6}% 33
\BOOKMARK [2][-]{subsection..3.6.4}{Test of Hypothesis}{section..3.6}% 34
\BOOKMARK [2][-]{subsection..3.6.5}{Filtering Problem: Weakly Coupled Van der Pol Oscillator}{section..3.6}% 35
\BOOKMARK [1][-]{section..3.7}{Summary}{chapter..3}% 36
\BOOKMARK [0][-]{chapter..4}{Identification of Strongly Connected Subsystems \(SCSs\) for Effective UQ}{}% 37
\BOOKMARK [1][-]{section..4.1}{Proposed Framework for Identification of SCSs}{chapter..4}% 38
\BOOKMARK [1][-]{section..4.2}{Strongly Coupled Subsystems}{chapter..4}% 39
\BOOKMARK [2][-]{subsection..4.2.1}{Distribution of xt|j}{section..4.2}% 40
\BOOKMARK [3][-]{subsubsection..4.2.1.1}{Type I: Use of Hadamard Product}{subsection..4.2.1}% 41
\BOOKMARK [3][-]{subsubsection..4.2.1.2}{Type II: Identification of strong and weak participants}{subsection..4.2.1}% 42
\BOOKMARK [3][-]{subsubsection..4.2.1.3}{Type III: Identifying Decoupled Subsystems}{subsection..4.2.1}% 43
\BOOKMARK [1][-]{section..4.3}{Overlapping Graph Clustering}{chapter..4}% 44
\BOOKMARK [1][-]{section..4.4}{Hadamard Product and Multivariate Statistics}{chapter..4}% 45
\BOOKMARK [1][-]{section..4.5}{Kalman Filter and Updating of Cluster Structure}{chapter..4}% 46
\BOOKMARK [1][-]{section..4.6}{Three Coupled Lorenz Attractors}{chapter..4}% 47
\BOOKMARK [2][-]{subsection..4.6.1}{The Problem Statement}{section..4.6}% 48
\BOOKMARK [2][-]{subsection..4.6.2}{Association Matrix Z at t = 0}{section..4.6}% 49
\BOOKMARK [2][-]{subsection..4.6.3}{Propagation Equation for xt using the three different approaches}{section..4.6}% 50
\BOOKMARK [3][-]{subsubsection..4.6.3.1}{Type I Method}{subsection..4.6.3}% 51
\BOOKMARK [3][-]{subsubsection..4.6.3.2}{Type II Method}{subsection..4.6.3}% 52
\BOOKMARK [3][-]{subsubsection..4.6.3.3}{Type III Method}{subsection..4.6.3}% 53
\BOOKMARK [2][-]{subsection..4.6.4}{Results}{section..4.6}% 54
\BOOKMARK [1][-]{section..4.7}{Diffusively Coupled Lorenz Attractors}{chapter..4}% 55
\BOOKMARK [1][-]{section..4.8}{Diffusively Coupled Van der Pol Oscillators}{chapter..4}% 56
\BOOKMARK [1][-]{section..4.9}{Diffusively Coupled Rossler Attractors}{chapter..4}% 57
\BOOKMARK [1][-]{section..4.10}{1-D Shallow Water Equation}{chapter..4}% 58
\BOOKMARK [2][-]{subsection..4.10.1}{Results for a deterministic problem setup}{section..4.10}% 59
\BOOKMARK [2][-]{subsection..4.10.2}{Stability Conditions}{section..4.10}% 60
\BOOKMARK [2][-]{subsection..4.10.3}{Convergence Analysis}{section..4.10}% 61
\BOOKMARK [2][-]{subsection..4.10.4}{Cluster Length vs Resolution of Discretization}{section..4.10}% 62
\BOOKMARK [2][-]{subsection..4.10.5}{Uncertainties associated with the model}{section..4.10}% 63
\BOOKMARK [2][-]{subsection..4.10.6}{Clustering and Uncertainty Quantification}{section..4.10}% 64
\BOOKMARK [1][-]{section..4.11}{Summary}{chapter..4}% 65
\BOOKMARK [0][-]{chapter..5}{Identifying Weakly Connected Subsystems in Building Energy Model \(BEM\) for Effective Load Estimation}{}% 66
\BOOKMARK [1][-]{section..5.1}{Introduction}{chapter..5}% 67
\BOOKMARK [1][-]{section..5.2}{Related Works}{chapter..5}% 68
\BOOKMARK [2][-]{subsection..5.2.1}{Lumped capacitance RC network }{section..5.2}% 69
\BOOKMARK [2][-]{subsection..5.2.2}{Uncertainty Quantification in BEMs}{section..5.2}% 70
\BOOKMARK [1][-]{section..5.3}{Methodology}{chapter..5}% 71
\BOOKMARK [2][-]{subsection..5.3.1}{Proposed Framework}{section..5.3}% 72
\BOOKMARK [2][-]{subsection..5.3.2}{Materials and Geometry}{section..5.3}% 73
\BOOKMARK [2][-]{subsection..5.3.3}{RC network}{section..5.3}% 74
\BOOKMARK [2][-]{subsection..5.3.4}{State Space Equation}{section..5.3}% 75
\BOOKMARK [2][-]{subsection..5.3.5}{Input Formulation}{section..5.3}% 76
\BOOKMARK [2][-]{subsection..5.3.6}{Identification of Weakly Connected Subsystems and Optimal Estimation}{section..5.3}% 77
\BOOKMARK [1][-]{section..5.4}{BEM Details}{chapter..5}% 78
\BOOKMARK [1][-]{section..5.5}{Results}{chapter..5}% 79
\BOOKMARK [2][-]{subsection..5.5.1}{Adjacency and Cluster Analysis}{section..5.5}% 80
\BOOKMARK [2][-]{subsection..5.5.2}{Estimated Temperatures and Thermal Loads}{section..5.5}% 81
\BOOKMARK [1][-]{section..5.6}{Summary}{chapter..5}% 82
\BOOKMARK [0][-]{chapter..6}{Effect of Digital Elevation Model \(DEM\) Uncertainty on Geophysical Mass Flow via Identification of Strongly Coupled Subsystem}{}% 83
\BOOKMARK [1][-]{section..6.1}{Introduction}{chapter..6}% 84
\BOOKMARK [1][-]{section..6.2}{Governing Equations}{chapter..6}% 85
\BOOKMARK [1][-]{section..6.3}{Generating High Resolution Random Samples of the DEM}{chapter..6}% 86
\BOOKMARK [2][-]{subsection..6.3.1}{Uncertainty Modeling of the DEM}{section..6.3}% 87
\BOOKMARK [2][-]{subsection..6.3.2}{Adjacency Matrix and Clustering of Spatial Domain}{section..6.3}% 88
\BOOKMARK [2][-]{subsection..6.3.3}{Random Sampling and Propagation}{section..6.3}% 89
\BOOKMARK [2][-]{subsection..6.3.4}{Sampling of a Zone}{section..6.3}% 90
\BOOKMARK [1][-]{section..6.4}{Generation of Realizations via Sampling Scheme}{chapter..6}% 91
\BOOKMARK [1][-]{section..6.5}{Volcanic Locations}{chapter..6}% 92
\BOOKMARK [2][-]{subsection..6.5.1}{Colima}{section..6.5}% 93
\BOOKMARK [1][-]{section..6.6}{Summary}{chapter..6}% 94
\BOOKMARK [0][-]{chapter..7}{Conclusion and Future Works}{}% 95
\BOOKMARK [1][-]{section..7.1}{Future Works}{chapter..7}% 96
\BOOKMARK [0][-]{section..7.1}{Bibliography}{}% 97
